<?xml version="1.0" encoding="UTF-8"?>
<testsuite xmlns:xsi="http://www.w3.org/2001/XMLSchema-instance" xsi:noNamespaceSchemaLocation="https://maven.apache.org/surefire/maven-surefire-plugin/xsd/surefire-test-report.xsd" name="com.tr.trstocks.service.TrServiceInMemoryTest" time="0.385" tests="4" errors="0" skipped="0" failures="1">
  <properties>
[...]
</properties>
  <testcase name="getStockAdd" classname="com.tr.trstocks.service.TrServiceInMemoryTest" time="0.276"/>
  <testcase name="getCandleSticks" classname="com.tr.trstocks.service.TrServiceInMemoryTest" time="0.08">
    <failure message="expected: &lt;6&gt; but was: &lt;1&gt;" type="org.opentest4j.AssertionFailedError"><![CDATA[org.opentest4j.AssertionFailedError: expected: <6> but was: <1>
	at com.tr.trstocks.service.TrServiceInMemoryTest.getCandleSticks(TrServiceTest.java:112)
]]></failure>
    <system-out><![CDATA[1637485259461
MAP.size:1
CandleStick(isin=FH0283513764, openTime=2021-11-21T11:58:22.183, closeTime=2021-11-21T12:00:12.183, openPrice=113.465, closePrice=108.645, highPrice=118.765, lowPrice=108.645)
CandleStick(isin=FH0283513764, openTime=2021-11-21T12:03:12.183, closeTime=2021-11-21T12:03:12.183, openPrice=112.465, closePrice=112.465, highPrice=118.765, lowPrice=108.645)
CandleStick(isin=FH0283513764, openTime=2021-11-21T12:08:23.183, closeTime=2021-11-21T12:08:23.183, openPrice=115.365, closePrice=115.365, highPrice=118.765, lowPrice=108.645)
CandleStick(isin=FH0283513764, openTime=2021-11-21T12:09:52.183, closeTime=2021-11-21T12:09:52.183, openPrice=117.795, closePrice=117.795, highPrice=118.765, lowPrice=108.645)
CandleStick(isin=FH0283513764, openTime=2021-11-21T12:11:32.183, closeTime=2021-11-21T12:11:32.183, openPrice=122.769, closePrice=122.769, highPrice=122.769, lowPrice=108.645)
CandleStick(isin=FH0283513764, openTime=2021-11-21T12:13:12.183, closeTime=2021-11-21T12:13:12.183, openPrice=120.739, closePrice=120.739, highPrice=122.769, lowPrice=108.645)
]]></system-out>
  </testcase>
  <testcase name="getStockQuote" classname="com.tr.trstocks.service.TrServiceInMemoryTest" time="0.006"/>
  <testcase name="getStockDelete" classname="com.tr.trstocks.service.TrServiceInMemoryTest" time="0.006"/>
</testsuite>